Process SpawnProcess-46:
Process SpawnProcess-37:
Process SpawnProcess-55:
Process SpawnProcess-25:
Process SpawnProcess-10:
Process SpawnProcess-44:
Process SpawnProcess-3:
Process SpawnProcess-47:
Process SpawnProcess-36:
Process SpawnProcess-29:
Process SpawnProcess-26:
Process SpawnProcess-17:
Process SpawnProcess-9:
Process SpawnProcess-27:
Process SpawnProcess-30:
Process SpawnProcess-32:
Process SpawnProcess-21:
Process SpawnProcess-14:
Process SpawnProcess-22:
Process SpawnProcess-7:
Process SpawnProcess-16:
Process SpawnProcess-4:
Process SpawnProcess-6:
Process SpawnProcess-18:
Process SpawnProcess-28:
Process SpawnProcess-19:
Process SpawnProcess-11:
Process SpawnProcess-1:
Process SpawnProcess-8:
Traceback (most recent call last):
Traceback (most recent call last):
  File "/user/zj2398/.conda/envs/motor_chao/lib/python3.11/multiprocessing/process.py", line 314, in _bootstrap
    self.run()
Traceback (most recent call last):
  File "/user/zj2398/.conda/envs/motor_chao/lib/python3.11/multiprocessing/process.py", line 314, in _bootstrap
    self.run()
  File "/user/zj2398/.conda/envs/motor_chao/lib/python3.11/multiprocessing/process.py", line 108, in run
    self._target(*self._args, **self._kwargs)
Traceback (most recent call last):
  File "/user/zj2398/.conda/envs/motor_chao/lib/python3.11/site-packages/meds_reader/__init__.py", line 147, in _runner
    result = map_func(database[int(subject_id)] for subject_id in subject_ids)
             ^^^^^^^^^^^^^^^^^^^^^^^^^^^^^^^^^^^^^^^^^^^^^^^^^^^^^^^^^^^^^^^^^
  File "/user/zj2398/.conda/envs/motor_chao/lib/python3.11/multiprocessing/process.py", line 108, in run
    self._target(*self._args, **self._kwargs)
  File "/user/zj2398/femr_chao_meds_v3/src/femr/models/tasks.py", line 280, in _prefit_motor_map
    task_time_stats[i][2].add(1, time.total_seconds())
                                 ^^^^^^^^^^^^^^^^^^^^
  File "/user/zj2398/.conda/envs/motor_chao/lib/python3.11/site-packages/meds_reader/__init__.py", line 147, in _runner
    result = map_func(database[int(subject_id)] for subject_id in subject_ids)
             ^^^^^^^^^^^^^^^^^^^^^^^^^^^^^^^^^^^^^^^^^^^^^^^^^^^^^^^^^^^^^^^^^
  File "/user/zj2398/femr_chao_meds_v3/src/femr/models/tasks.py", line 280, in _prefit_motor_map
    task_time_stats[i][2].add(1, time.total_seconds())
                                 ^^^^^^^^^^^^^^^^^^^^
KeyboardInterrupt
KeyboardInterrupt
  File "/user/zj2398/.conda/envs/motor_chao/lib/python3.11/multiprocessing/process.py", line 314, in _bootstrap
    self.run()
  File "/user/zj2398/.conda/envs/motor_chao/lib/python3.11/multiprocessing/process.py", line 314, in _bootstrap
    self.run()
  File "/user/zj2398/.conda/envs/motor_chao/lib/python3.11/multiprocessing/process.py", line 108, in run
    self._target(*self._args, **self._kwargs)
  File "/user/zj2398/.conda/envs/motor_chao/lib/python3.11/site-packages/meds_reader/__init__.py", line 147, in _runner
    result = map_func(database[int(subject_id)] for subject_id in subject_ids)
             ^^^^^^^^^^^^^^^^^^^^^^^^^^^^^^^^^^^^^^^^^^^^^^^^^^^^^^^^^^^^^^^^^
  File "/user/zj2398/.conda/envs/motor_chao/lib/python3.11/multiprocessing/process.py", line 108, in run
    self._target(*self._args, **self._kwargs)
  File "/user/zj2398/femr_chao_meds_v3/src/femr/models/tasks.py", line 280, in _prefit_motor_map
    task_time_stats[i][2].add(1, time.total_seconds())
  File "/user/zj2398/.conda/envs/motor_chao/lib/python3.11/site-packages/meds_reader/__init__.py", line 147, in _runner
    result = map_func(database[int(subject_id)] for subject_id in subject_ids)
             ^^^^^^^^^^^^^^^^^^^^^^^^^^^^^^^^^^^^^^^^^^^^^^^^^^^^^^^^^^^^^^^^^
  File "/user/zj2398/femr_chao_meds_v3/src/femr/models/tasks.py", line 280, in _prefit_motor_map
    task_time_stats[i][2].add(1, time.total_seconds())
                                 ^^^^^^^^^^^^^^^^^^^^
KeyboardInterrupt
KeyboardInterrupt
Traceback (most recent call last):
Traceback (most recent call last):
Traceback (most recent call last):
  File "/user/zj2398/.conda/envs/motor_chao/lib/python3.11/multiprocessing/process.py", line 314, in _bootstrap
    self.run()
  File "/user/zj2398/.conda/envs/motor_chao/lib/python3.11/multiprocessing/process.py", line 314, in _bootstrap
    self.run()
  File "/user/zj2398/.conda/envs/motor_chao/lib/python3.11/multiprocessing/process.py", line 108, in run
    self._target(*self._args, **self._kwargs)
Traceback (most recent call last):
  File "/user/zj2398/.conda/envs/motor_chao/lib/python3.11/site-packages/meds_reader/__init__.py", line 147, in _runner
    result = map_func(database[int(subject_id)] for subject_id in subject_ids)
             ^^^^^^^^^^^^^^^^^^^^^^^^^^^^^^^^^^^^^^^^^^^^^^^^^^^^^^^^^^^^^^^^^
  File "/user/zj2398/.conda/envs/motor_chao/lib/python3.11/multiprocessing/process.py", line 108, in run
    self._target(*self._args, **self._kwargs)
  File "/user/zj2398/femr_chao_meds_v3/src/femr/models/tasks.py", line 280, in _prefit_motor_map
    task_time_stats[i][2].add(1, time.total_seconds())
Traceback (most recent call last):
  File "/user/zj2398/.conda/envs/motor_chao/lib/python3.11/site-packages/meds_reader/__init__.py", line 147, in _runner
    result = map_func(database[int(subject_id)] for subject_id in subject_ids)
             ^^^^^^^^^^^^^^^^^^^^^^^^^^^^^^^^^^^^^^^^^^^^^^^^^^^^^^^^^^^^^^^^^
Traceback (most recent call last):
Traceback (most recent call last):
KeyboardInterrupt
  File "/user/zj2398/femr_chao_meds_v3/src/femr/models/tasks.py", line 280, in _prefit_motor_map
    task_time_stats[i][2].add(1, time.total_seconds())
                                 ^^^^^^^^^^^^^^^^^^^^
Traceback (most recent call last):
KeyboardInterrupt
Traceback (most recent call last):
Traceback (most recent call last):
Traceback (most recent call last):
Traceback (most recent call last):
  File "/user/zj2398/.conda/envs/motor_chao/lib/python3.11/multiprocessing/process.py", line 314, in _bootstrap
    self.run()
Traceback (most recent call last):
  File "/user/zj2398/.conda/envs/motor_chao/lib/python3.11/multiprocessing/process.py", line 108, in run
    self._target(*self._args, **self._kwargs)
  File "/user/zj2398/.conda/envs/motor_chao/lib/python3.11/site-packages/meds_reader/__init__.py", line 147, in _runner
    result = map_func(database[int(subject_id)] for subject_id in subject_ids)
             ^^^^^^^^^^^^^^^^^^^^^^^^^^^^^^^^^^^^^^^^^^^^^^^^^^^^^^^^^^^^^^^^^
  File "/user/zj2398/femr_chao_meds_v3/src/femr/models/tasks.py", line 280, in _prefit_motor_map
    task_time_stats[i][2].add(1, time.total_seconds())
Traceback (most recent call last):
  File "/user/zj2398/.conda/envs/motor_chao/lib/python3.11/multiprocessing/process.py", line 314, in _bootstrap
    self.run()
Traceback (most recent call last):
Traceback (most recent call last):
Traceback (most recent call last):
Traceback (most recent call last):
  File "/user/zj2398/.conda/envs/motor_chao/lib/python3.11/multiprocessing/process.py", line 108, in run
    self._target(*self._args, **self._kwargs)
  File "/user/zj2398/.conda/envs/motor_chao/lib/python3.11/multiprocessing/process.py", line 314, in _bootstrap
    self.run()
KeyboardInterrupt
Traceback (most recent call last):
  File "/user/zj2398/.conda/envs/motor_chao/lib/python3.11/multiprocessing/process.py", line 314, in _bootstrap
    self.run()
  File "/user/zj2398/.conda/envs/motor_chao/lib/python3.11/multiprocessing/process.py", line 314, in _bootstrap
    self.run()
  File "/user/zj2398/.conda/envs/motor_chao/lib/python3.11/site-packages/meds_reader/__init__.py", line 147, in _runner
    result = map_func(database[int(subject_id)] for subject_id in subject_ids)
             ^^^^^^^^^^^^^^^^^^^^^^^^^^^^^^^^^^^^^^^^^^^^^^^^^^^^^^^^^^^^^^^^^
Traceback (most recent call last):
  File "/user/zj2398/femr_chao_meds_v3/src/femr/models/tasks.py", line 280, in _prefit_motor_map
    task_time_stats[i][2].add(1, time.total_seconds())
                                 ^^^^^^^^^^^^^^^^^^^^
  File "/user/zj2398/.conda/envs/motor_chao/lib/python3.11/multiprocessing/process.py", line 314, in _bootstrap
    self.run()
KeyboardInterrupt
  File "/user/zj2398/.conda/envs/motor_chao/lib/python3.11/multiprocessing/process.py", line 314, in _bootstrap
    self.run()
  File "/user/zj2398/.conda/envs/motor_chao/lib/python3.11/multiprocessing/process.py", line 108, in run
    self._target(*self._args, **self._kwargs)
Traceback (most recent call last):
  File "/user/zj2398/.conda/envs/motor_chao/lib/python3.11/multiprocessing/process.py", line 108, in run
    self._target(*self._args, **self._kwargs)
  File "/user/zj2398/.conda/envs/motor_chao/lib/python3.11/site-packages/meds_reader/__init__.py", line 147, in _runner
    result = map_func(database[int(subject_id)] for subject_id in subject_ids)
             ^^^^^^^^^^^^^^^^^^^^^^^^^^^^^^^^^^^^^^^^^^^^^^^^^^^^^^^^^^^^^^^^^
Traceback (most recent call last):
  File "/user/zj2398/.conda/envs/motor_chao/lib/python3.11/site-packages/meds_reader/__init__.py", line 147, in _runner
    result = map_func(database[int(subject_id)] for subject_id in subject_ids)
             ^^^^^^^^^^^^^^^^^^^^^^^^^^^^^^^^^^^^^^^^^^^^^^^^^^^^^^^^^^^^^^^^^
  File "/user/zj2398/femr_chao_meds_v3/src/femr/models/tasks.py", line 280, in _prefit_motor_map
    task_time_stats[i][2].add(1, time.total_seconds())
                                 ^^^^^^^^^^^^^^^^^^^^
  File "/user/zj2398/.conda/envs/motor_chao/lib/python3.11/multiprocessing/process.py", line 314, in _bootstrap
    self.run()
  File "/user/zj2398/femr_chao_meds_v3/src/femr/models/tasks.py", line 280, in _prefit_motor_map
    task_time_stats[i][2].add(1, time.total_seconds())
                                 ^^^^^^^^^^^^^^^^^^^^
  File "/user/zj2398/.conda/envs/motor_chao/lib/python3.11/multiprocessing/process.py", line 314, in _bootstrap
    self.run()
  File "/user/zj2398/.conda/envs/motor_chao/lib/python3.11/multiprocessing/process.py", line 108, in run
    self._target(*self._args, **self._kwargs)
KeyboardInterrupt
  File "/user/zj2398/.conda/envs/motor_chao/lib/python3.11/multiprocessing/process.py", line 314, in _bootstrap
    self.run()
KeyboardInterrupt
  File "/user/zj2398/.conda/envs/motor_chao/lib/python3.11/site-packages/meds_reader/__init__.py", line 147, in _runner
    result = map_func(database[int(subject_id)] for subject_id in subject_ids)
             ^^^^^^^^^^^^^^^^^^^^^^^^^^^^^^^^^^^^^^^^^^^^^^^^^^^^^^^^^^^^^^^^^
  File "/user/zj2398/.conda/envs/motor_chao/lib/python3.11/multiprocessing/process.py", line 314, in _bootstrap
    self.run()
  File "/user/zj2398/.conda/envs/motor_chao/lib/python3.11/multiprocessing/process.py", line 108, in run
    self._target(*self._args, **self._kwargs)
  File "/user/zj2398/.conda/envs/motor_chao/lib/python3.11/multiprocessing/process.py", line 108, in run
    self._target(*self._args, **self._kwargs)
  File "/user/zj2398/.conda/envs/motor_chao/lib/python3.11/multiprocessing/process.py", line 108, in run
    self._target(*self._args, **self._kwargs)
  File "/user/zj2398/.conda/envs/motor_chao/lib/python3.11/site-packages/meds_reader/__init__.py", line 147, in _runner
    result = map_func(database[int(subject_id)] for subject_id in subject_ids)
             ^^^^^^^^^^^^^^^^^^^^^^^^^^^^^^^^^^^^^^^^^^^^^^^^^^^^^^^^^^^^^^^^^
  File "/user/zj2398/.conda/envs/motor_chao/lib/python3.11/multiprocessing/process.py", line 108, in run
    self._target(*self._args, **self._kwargs)
  File "/user/zj2398/femr_chao_meds_v3/src/femr/models/tasks.py", line 280, in _prefit_motor_map
    task_time_stats[i][2].add(1, time.total_seconds())
  File "/user/zj2398/.conda/envs/motor_chao/lib/python3.11/site-packages/meds_reader/__init__.py", line 147, in _runner
    result = map_func(database[int(subject_id)] for subject_id in subject_ids)
             ^^^^^^^^^^^^^^^^^^^^^^^^^^^^^^^^^^^^^^^^^^^^^^^^^^^^^^^^^^^^^^^^^
  File "/user/zj2398/.conda/envs/motor_chao/lib/python3.11/multiprocessing/process.py", line 108, in run
    self._target(*self._args, **self._kwargs)
  File "/user/zj2398/femr_chao_meds_v3/src/femr/models/tasks.py", line 280, in _prefit_motor_map
    task_time_stats[i][2].add(1, time.total_seconds())
KeyboardInterrupt
Traceback (most recent call last):
  File "/user/zj2398/.conda/envs/motor_chao/lib/python3.11/site-packages/meds_reader/__init__.py", line 147, in _runner
    result = map_func(database[int(subject_id)] for subject_id in subject_ids)
             ^^^^^^^^^^^^^^^^^^^^^^^^^^^^^^^^^^^^^^^^^^^^^^^^^^^^^^^^^^^^^^^^^
  File "/user/zj2398/.conda/envs/motor_chao/lib/python3.11/multiprocessing/process.py", line 314, in _bootstrap
    self.run()
KeyboardInterrupt
  File "/user/zj2398/femr_chao_meds_v3/src/femr/models/tasks.py", line 280, in _prefit_motor_map
    task_time_stats[i][2].add(1, time.total_seconds())
                                 ^^^^^^^^^^^^^^^^^^^^
Traceback (most recent call last):
  File "/user/zj2398/.conda/envs/motor_chao/lib/python3.11/multiprocessing/process.py", line 108, in run
    self._target(*self._args, **self._kwargs)
  File "/user/zj2398/.conda/envs/motor_chao/lib/python3.11/multiprocessing/process.py", line 314, in _bootstrap
    self.run()
KeyboardInterrupt
  File "/user/zj2398/.conda/envs/motor_chao/lib/python3.11/site-packages/meds_reader/__init__.py", line 135, in _runner
    next_work = input_queue.get()
                ^^^^^^^^^^^^^^^^^
  File "/user/zj2398/.conda/envs/motor_chao/lib/python3.11/multiprocessing/process.py", line 314, in _bootstrap
    self.run()
  File "/user/zj2398/.conda/envs/motor_chao/lib/python3.11/multiprocessing/process.py", line 108, in run
    self._target(*self._args, **self._kwargs)
  File "/user/zj2398/.conda/envs/motor_chao/lib/python3.11/multiprocessing/queues.py", line 364, in get
    with self._rlock:
  File "/user/zj2398/.conda/envs/motor_chao/lib/python3.11/multiprocessing/process.py", line 314, in _bootstrap
    self.run()
  File "/user/zj2398/.conda/envs/motor_chao/lib/python3.11/site-packages/meds_reader/__init__.py", line 147, in _runner
    result = map_func(database[int(subject_id)] for subject_id in subject_ids)
             ^^^^^^^^^^^^^^^^^^^^^^^^^^^^^^^^^^^^^^^^^^^^^^^^^^^^^^^^^^^^^^^^^
  File "/user/zj2398/.conda/envs/motor_chao/lib/python3.11/multiprocessing/process.py", line 108, in run
    self._target(*self._args, **self._kwargs)
  File "/user/zj2398/.conda/envs/motor_chao/lib/python3.11/multiprocessing/process.py", line 314, in _bootstrap
    self.run()
  File "/user/zj2398/.conda/envs/motor_chao/lib/python3.11/multiprocessing/synchronize.py", line 95, in __enter__
    return self._semlock.__enter__()
           ^^^^^^^^^^^^^^^^^^^^^^^^^
  File "/user/zj2398/femr_chao_meds_v3/src/femr/models/tasks.py", line 280, in _prefit_motor_map
    task_time_stats[i][2].add(1, time.total_seconds())
KeyboardInterrupt
  File "/user/zj2398/.conda/envs/motor_chao/lib/python3.11/multiprocessing/process.py", line 108, in run
    self._target(*self._args, **self._kwargs)
KeyboardInterrupt
  File "/user/zj2398/.conda/envs/motor_chao/lib/python3.11/site-packages/meds_reader/__init__.py", line 147, in _runner
    result = map_func(database[int(subject_id)] for subject_id in subject_ids)
             ^^^^^^^^^^^^^^^^^^^^^^^^^^^^^^^^^^^^^^^^^^^^^^^^^^^^^^^^^^^^^^^^^
  File "/user/zj2398/.conda/envs/motor_chao/lib/python3.11/site-packages/meds_reader/__init__.py", line 147, in _runner
    result = map_func(database[int(subject_id)] for subject_id in subject_ids)
             ^^^^^^^^^^^^^^^^^^^^^^^^^^^^^^^^^^^^^^^^^^^^^^^^^^^^^^^^^^^^^^^^^
  File "/user/zj2398/.conda/envs/motor_chao/lib/python3.11/site-packages/meds_reader/__init__.py", line 147, in _runner
    result = map_func(database[int(subject_id)] for subject_id in subject_ids)
             ^^^^^^^^^^^^^^^^^^^^^^^^^^^^^^^^^^^^^^^^^^^^^^^^^^^^^^^^^^^^^^^^^
  File "/user/zj2398/femr_chao_meds_v3/src/femr/models/tasks.py", line 280, in _prefit_motor_map
    task_time_stats[i][2].add(1, time.total_seconds())
                                 ^^^^^^^^^^^^^^^^^^^^
  File "/user/zj2398/femr_chao_meds_v3/src/femr/models/tasks.py", line 280, in _prefit_motor_map
    task_time_stats[i][2].add(1, time.total_seconds())
Traceback (most recent call last):
KeyboardInterrupt
  File "/user/zj2398/femr_chao_meds_v3/src/femr/models/tasks.py", line 280, in _prefit_motor_map
    task_time_stats[i][2].add(1, time.total_seconds())
                                 ^^^^^^^^^^^^^^^^^^^^
  File "/user/zj2398/.conda/envs/motor_chao/lib/python3.11/multiprocessing/process.py", line 314, in _bootstrap
    self.run()
KeyboardInterrupt
KeyboardInterrupt
  File "/user/zj2398/.conda/envs/motor_chao/lib/python3.11/multiprocessing/process.py", line 314, in _bootstrap
    self.run()
  File "/user/zj2398/.conda/envs/motor_chao/lib/python3.11/multiprocessing/process.py", line 108, in run
    self._target(*self._args, **self._kwargs)
  File "/user/zj2398/.conda/envs/motor_chao/lib/python3.11/multiprocessing/process.py", line 314, in _bootstrap
    self.run()
  File "/user/zj2398/.conda/envs/motor_chao/lib/python3.11/site-packages/meds_reader/__init__.py", line 147, in _runner
    result = map_func(database[int(subject_id)] for subject_id in subject_ids)
             ^^^^^^^^^^^^^^^^^^^^^^^^^^^^^^^^^^^^^^^^^^^^^^^^^^^^^^^^^^^^^^^^^
  File "/user/zj2398/.conda/envs/motor_chao/lib/python3.11/multiprocessing/process.py", line 108, in run
    self._target(*self._args, **self._kwargs)
  File "/user/zj2398/.conda/envs/motor_chao/lib/python3.11/multiprocessing/process.py", line 314, in _bootstrap
    self.run()
  File "/user/zj2398/.conda/envs/motor_chao/lib/python3.11/multiprocessing/process.py", line 108, in run
    self._target(*self._args, **self._kwargs)
  File "/user/zj2398/.conda/envs/motor_chao/lib/python3.11/multiprocessing/process.py", line 108, in run
    self._target(*self._args, **self._kwargs)
  File "/user/zj2398/femr_chao_meds_v3/src/femr/models/tasks.py", line 280, in _prefit_motor_map
    task_time_stats[i][2].add(1, time.total_seconds())
                                 ^^^^^^^^^^^^^^^^^^^^
  File "/user/zj2398/.conda/envs/motor_chao/lib/python3.11/site-packages/meds_reader/__init__.py", line 147, in _runner
    result = map_func(database[int(subject_id)] for subject_id in subject_ids)
             ^^^^^^^^^^^^^^^^^^^^^^^^^^^^^^^^^^^^^^^^^^^^^^^^^^^^^^^^^^^^^^^^^
  File "/user/zj2398/.conda/envs/motor_chao/lib/python3.11/site-packages/meds_reader/__init__.py", line 147, in _runner
    result = map_func(database[int(subject_id)] for subject_id in subject_ids)
             ^^^^^^^^^^^^^^^^^^^^^^^^^^^^^^^^^^^^^^^^^^^^^^^^^^^^^^^^^^^^^^^^^
  File "/user/zj2398/.conda/envs/motor_chao/lib/python3.11/site-packages/meds_reader/__init__.py", line 147, in _runner
    result = map_func(database[int(subject_id)] for subject_id in subject_ids)
             ^^^^^^^^^^^^^^^^^^^^^^^^^^^^^^^^^^^^^^^^^^^^^^^^^^^^^^^^^^^^^^^^^
  File "/user/zj2398/femr_chao_meds_v3/src/femr/models/tasks.py", line 280, in _prefit_motor_map
    task_time_stats[i][2].add(1, time.total_seconds())
  File "/user/zj2398/femr_chao_meds_v3/src/femr/models/tasks.py", line 280, in _prefit_motor_map
    task_time_stats[i][2].add(1, time.total_seconds())
  File "/user/zj2398/.conda/envs/motor_chao/lib/python3.11/multiprocessing/process.py", line 108, in run
    self._target(*self._args, **self._kwargs)
KeyboardInterrupt
  File "/user/zj2398/femr_chao_meds_v3/src/femr/stat_utils.py", line 26, in add
    def add(self, weight: float, value: float) -> None:
    
  File "/user/zj2398/.conda/envs/motor_chao/lib/python3.11/multiprocessing/process.py", line 314, in _bootstrap
    self.run()
  File "/user/zj2398/femr_chao_meds_v3/src/femr/models/tasks.py", line 280, in _prefit_motor_map
    task_time_stats[i][2].add(1, time.total_seconds())
                                 ^^^^^^^^^^^^^^^^^^^^
  File "/user/zj2398/.conda/envs/motor_chao/lib/python3.11/site-packages/meds_reader/__init__.py", line 147, in _runner
    result = map_func(database[int(subject_id)] for subject_id in subject_ids)
             ^^^^^^^^^^^^^^^^^^^^^^^^^^^^^^^^^^^^^^^^^^^^^^^^^^^^^^^^^^^^^^^^^
  File "/user/zj2398/.conda/envs/motor_chao/lib/python3.11/multiprocessing/process.py", line 314, in _bootstrap
    self.run()
KeyboardInterrupt
  File "/user/zj2398/.conda/envs/motor_chao/lib/python3.11/multiprocessing/process.py", line 108, in run
    self._target(*self._args, **self._kwargs)
KeyboardInterrupt
  File "/user/zj2398/.conda/envs/motor_chao/lib/python3.11/multiprocessing/process.py", line 108, in run
    self._target(*self._args, **self._kwargs)
  File "/user/zj2398/femr_chao_meds_v3/src/femr/models/tasks.py", line 280, in _prefit_motor_map
    task_time_stats[i][2].add(1, time.total_seconds())
                                 ^^^^^^^^^^^^^^^^^^^^
  File "/user/zj2398/femr_chao_meds_v3/src/femr/models/tasks.py", line 280, in _prefit_motor_map
    task_time_stats[i][2].add(1, time.total_seconds())
                                 ^^^^^^^^^^^^^^^^^^^^
KeyboardInterrupt
  File "/user/zj2398/.conda/envs/motor_chao/lib/python3.11/multiprocessing/process.py", line 108, in run
    self._target(*self._args, **self._kwargs)
  File "/user/zj2398/.conda/envs/motor_chao/lib/python3.11/site-packages/meds_reader/__init__.py", line 147, in _runner
    result = map_func(database[int(subject_id)] for subject_id in subject_ids)
             ^^^^^^^^^^^^^^^^^^^^^^^^^^^^^^^^^^^^^^^^^^^^^^^^^^^^^^^^^^^^^^^^^
  File "/user/zj2398/.conda/envs/motor_chao/lib/python3.11/multiprocessing/process.py", line 314, in _bootstrap
    self.run()
  File "/user/zj2398/femr_chao_meds_v3/src/femr/models/tasks.py", line 280, in _prefit_motor_map
    task_time_stats[i][2].add(1, time.total_seconds())
                                 ^^^^^^^^^^^^^^^^^^^^
  File "/user/zj2398/.conda/envs/motor_chao/lib/python3.11/site-packages/meds_reader/__init__.py", line 135, in _runner
    next_work = input_queue.get()
                ^^^^^^^^^^^^^^^^^
  File "/user/zj2398/.conda/envs/motor_chao/lib/python3.11/multiprocessing/process.py", line 108, in run
    self._target(*self._args, **self._kwargs)
  File "/user/zj2398/.conda/envs/motor_chao/lib/python3.11/site-packages/meds_reader/__init__.py", line 147, in _runner
    result = map_func(database[int(subject_id)] for subject_id in subject_ids)
             ^^^^^^^^^^^^^^^^^^^^^^^^^^^^^^^^^^^^^^^^^^^^^^^^^^^^^^^^^^^^^^^^^
  File "/user/zj2398/.conda/envs/motor_chao/lib/python3.11/multiprocessing/queues.py", line 365, in get
    res = self._reader.recv_bytes()
          ^^^^^^^^^^^^^^^^^^^^^^^^^
  File "/user/zj2398/.conda/envs/motor_chao/lib/python3.11/site-packages/meds_reader/__init__.py", line 147, in _runner
    result = map_func(database[int(subject_id)] for subject_id in subject_ids)
             ^^^^^^^^^^^^^^^^^^^^^^^^^^^^^^^^^^^^^^^^^^^^^^^^^^^^^^^^^^^^^^^^^
KeyboardInterrupt
KeyboardInterrupt
KeyboardInterrupt
  File "/user/zj2398/.conda/envs/motor_chao/lib/python3.11/multiprocessing/connection.py", line 215, in recv_bytes
    buf = self._recv_bytes(maxlength)
          ^^^^^^^^^^^^^^^^^^^^^^^^^^^
  File "/user/zj2398/femr_chao_meds_v3/src/femr/models/tasks.py", line 280, in _prefit_motor_map
    task_time_stats[i][2].add(1, time.total_seconds())
                                 ^^^^^^^^^^^^^^^^^^^^
  File "/user/zj2398/.conda/envs/motor_chao/lib/python3.11/site-packages/meds_reader/__init__.py", line 147, in _runner
    result = map_func(database[int(subject_id)] for subject_id in subject_ids)
             ^^^^^^^^^^^^^^^^^^^^^^^^^^^^^^^^^^^^^^^^^^^^^^^^^^^^^^^^^^^^^^^^^
  File "/user/zj2398/femr_chao_meds_v3/src/femr/models/tasks.py", line 280, in _prefit_motor_map
    task_time_stats[i][2].add(1, time.total_seconds())
                                 ^^^^^^^^^^^^^^^^^^^^
  File "/user/zj2398/.conda/envs/motor_chao/lib/python3.11/multiprocessing/connection.py", line 420, in _recv_bytes
    return self._recv(size)
           ^^^^^^^^^^^^^^^^
  File "/user/zj2398/femr_chao_meds_v3/src/femr/models/tasks.py", line 280, in _prefit_motor_map
    task_time_stats[i][2].add(1, time.total_seconds())
  File "/user/zj2398/.conda/envs/motor_chao/lib/python3.11/multiprocessing/connection.py", line 378, in _recv
    chunk = read(handle, remaining)
            ^^^^^^^^^^^^^^^^^^^^^^^
KeyboardInterrupt
KeyboardInterrupt
KeyboardInterrupt
KeyboardInterrupt
Traceback (most recent call last):
  File "<string>", line 1, in <module>
  File "/user/zj2398/.conda/envs/motor_chao/lib/python3.11/multiprocessing/spawn.py", line 120, in spawn_main
    exitcode = _main(fd, parent_sentinel)
               ^^^^^^^^^^^^^^^^^^^^^^^^^^
  File "/user/zj2398/.conda/envs/motor_chao/lib/python3.11/multiprocessing/spawn.py", line 133, in _main
    return self._bootstrap(parent_sentinel)
           ^^^^^^^^^^^^^^^^^^^^^^^^^^^^^^^^
  File "/user/zj2398/.conda/envs/motor_chao/lib/python3.11/multiprocessing/process.py", line 332, in _bootstrap
    threading._shutdown()
  File "/user/zj2398/.conda/envs/motor_chao/lib/python3.11/threading.py", line 1534, in _shutdown
    def _shutdown():
    
KeyboardInterrupt
task_set length: 8192
Process SpawnProcess-84:
Traceback (most recent call last):
  File "/user/zj2398/.conda/envs/motor_chao/lib/python3.11/multiprocessing/process.py", line 314, in _bootstrap
    self.run()
  File "/user/zj2398/.conda/envs/motor_chao/lib/python3.11/multiprocessing/process.py", line 108, in run
    self._target(*self._args, **self._kwargs)
  File "/user/zj2398/.conda/envs/motor_chao/lib/python3.11/site-packages/meds_reader/__init__.py", line 141, in _runner
    map_func = pickle.loads(map_func_str)
               ^^^^^^^^^^^^^^^^^^^^^^^^^^
KeyboardInterrupt

During handling of the above exception, another exception occurred:

Traceback (most recent call last):
  File "/user/zj2398/.conda/envs/motor_chao/lib/python3.11/multiprocessing/process.py", line 317, in _bootstrap
    util._exit_function()
  File "/user/zj2398/.conda/envs/motor_chao/lib/python3.11/multiprocessing/util.py", line 320, in _exit_function
    def _exit_function(info=info, debug=debug, _run_finalizers=_run_finalizers,
    
KeyboardInterrupt
Traceback (most recent call last):
  File "<string>", line 1, in <module>
  File "/user/zj2398/.conda/envs/motor_chao/lib/python3.11/multiprocessing/spawn.py", line 120, in spawn_main
    exitcode = _main(fd, parent_sentinel)
               ^^^^^^^^^^^^^^^^^^^^^^^^^^
  File "/user/zj2398/.conda/envs/motor_chao/lib/python3.11/multiprocessing/spawn.py", line 133, in _main
    return self._bootstrap(parent_sentinel)
           ^^^^^^^^^^^^^^^^^^^^^^^^^^^^^^^^
  File "/user/zj2398/.conda/envs/motor_chao/lib/python3.11/multiprocessing/process.py", line 332, in _bootstrap
    threading._shutdown()
  File "/user/zj2398/.conda/envs/motor_chao/lib/python3.11/threading.py", line 1534, in _shutdown
    def _shutdown():
    
KeyboardInterrupt
task_set length: 8192
Traceback (most recent call last):
  File "<string>", line 1, in <module>
  File "/user/zj2398/.conda/envs/motor_chao/lib/python3.11/multiprocessing/spawn.py", line 120, in spawn_main
    exitcode = _main(fd, parent_sentinel)
               ^^^^^^^^^^^^^^^^^^^^^^^^^^
  File "/user/zj2398/.conda/envs/motor_chao/lib/python3.11/multiprocessing/spawn.py", line 133, in _main
    return self._bootstrap(parent_sentinel)
           ^^^^^^^^^^^^^^^^^^^^^^^^^^^^^^^^
  File "/user/zj2398/.conda/envs/motor_chao/lib/python3.11/multiprocessing/process.py", line 332, in _bootstrap
    threading._shutdown()
  File "/user/zj2398/.conda/envs/motor_chao/lib/python3.11/threading.py", line 1534, in _shutdown
    def _shutdown():
    
KeyboardInterrupt
task_set length: 8192
Traceback (most recent call last):
  File "<string>", line 1, in <module>
  File "/user/zj2398/.conda/envs/motor_chao/lib/python3.11/multiprocessing/spawn.py", line 120, in spawn_main
    exitcode = _main(fd, parent_sentinel)
               ^^^^^^^^^^^^^^^^^^^^^^^^^^
  File "/user/zj2398/.conda/envs/motor_chao/lib/python3.11/multiprocessing/spawn.py", line 133, in _main
    return self._bootstrap(parent_sentinel)
           ^^^^^^^^^^^^^^^^^^^^^^^^^^^^^^^^
  File "/user/zj2398/.conda/envs/motor_chao/lib/python3.11/multiprocessing/process.py", line 332, in _bootstrap
    threading._shutdown()
  File "/user/zj2398/.conda/envs/motor_chao/lib/python3.11/threading.py", line 1534, in _shutdown
    def _shutdown():
    
KeyboardInterrupt
task_set length: 8192
Traceback (most recent call last):
  File "<string>", line 1, in <module>
  File "/user/zj2398/.conda/envs/motor_chao/lib/python3.11/multiprocessing/spawn.py", line 120, in spawn_main
    exitcode = _main(fd, parent_sentinel)
               ^^^^^^^^^^^^^^^^^^^^^^^^^^
  File "/user/zj2398/.conda/envs/motor_chao/lib/python3.11/multiprocessing/spawn.py", line 133, in _main
    return self._bootstrap(parent_sentinel)
           ^^^^^^^^^^^^^^^^^^^^^^^^^^^^^^^^
  File "/user/zj2398/.conda/envs/motor_chao/lib/python3.11/multiprocessing/process.py", line 332, in _bootstrap
    threading._shutdown()
  File "/user/zj2398/.conda/envs/motor_chao/lib/python3.11/threading.py", line 1534, in _shutdown
    def _shutdown():
    
KeyboardInterrupt
task_set length: 8192
Traceback (most recent call last):
  File "<string>", line 1, in <module>
  File "/user/zj2398/.conda/envs/motor_chao/lib/python3.11/multiprocessing/spawn.py", line 120, in spawn_main
    exitcode = _main(fd, parent_sentinel)
               ^^^^^^^^^^^^^^^^^^^^^^^^^^
  File "/user/zj2398/.conda/envs/motor_chao/lib/python3.11/multiprocessing/spawn.py", line 133, in _main
    return self._bootstrap(parent_sentinel)
           ^^^^^^^^^^^^^^^^^^^^^^^^^^^^^^^^
  File "/user/zj2398/.conda/envs/motor_chao/lib/python3.11/multiprocessing/process.py", line 332, in _bootstrap
    threading._shutdown()
  File "/user/zj2398/.conda/envs/motor_chao/lib/python3.11/threading.py", line 1534, in _shutdown
    def _shutdown():
    
KeyboardInterrupt
task_set length: 8192
Traceback (most recent call last):
  File "<string>", line 1, in <module>
  File "/user/zj2398/.conda/envs/motor_chao/lib/python3.11/multiprocessing/spawn.py", line 120, in spawn_main
    exitcode = _main(fd, parent_sentinel)
               ^^^^^^^^^^^^^^^^^^^^^^^^^^
  File "/user/zj2398/.conda/envs/motor_chao/lib/python3.11/multiprocessing/spawn.py", line 133, in _main
    return self._bootstrap(parent_sentinel)
           ^^^^^^^^^^^^^^^^^^^^^^^^^^^^^^^^
  File "/user/zj2398/.conda/envs/motor_chao/lib/python3.11/multiprocessing/process.py", line 332, in _bootstrap
    threading._shutdown()
  File "/user/zj2398/.conda/envs/motor_chao/lib/python3.11/threading.py", line 1534, in _shutdown
    def _shutdown():
    
KeyboardInterrupt
task_set length: 8192
Traceback (most recent call last):
  File "<string>", line 1, in <module>
  File "/user/zj2398/.conda/envs/motor_chao/lib/python3.11/multiprocessing/spawn.py", line 120, in spawn_main
    exitcode = _main(fd, parent_sentinel)
               ^^^^^^^^^^^^^^^^^^^^^^^^^^
  File "/user/zj2398/.conda/envs/motor_chao/lib/python3.11/multiprocessing/spawn.py", line 133, in _main
    return self._bootstrap(parent_sentinel)
           ^^^^^^^^^^^^^^^^^^^^^^^^^^^^^^^^
  File "/user/zj2398/.conda/envs/motor_chao/lib/python3.11/multiprocessing/process.py", line 332, in _bootstrap
    threading._shutdown()
  File "/user/zj2398/.conda/envs/motor_chao/lib/python3.11/threading.py", line 1534, in _shutdown
    def _shutdown():
    
KeyboardInterrupt
task_set length: 8192
Traceback (most recent call last):
  File "<string>", line 1, in <module>
  File "/user/zj2398/.conda/envs/motor_chao/lib/python3.11/multiprocessing/spawn.py", line 120, in spawn_main
    exitcode = _main(fd, parent_sentinel)
               ^^^^^^^^^^^^^^^^^^^^^^^^^^
  File "/user/zj2398/.conda/envs/motor_chao/lib/python3.11/multiprocessing/spawn.py", line 133, in _main
    return self._bootstrap(parent_sentinel)
           ^^^^^^^^^^^^^^^^^^^^^^^^^^^^^^^^
  File "/user/zj2398/.conda/envs/motor_chao/lib/python3.11/multiprocessing/process.py", line 332, in _bootstrap
    threading._shutdown()
  File "/user/zj2398/.conda/envs/motor_chao/lib/python3.11/threading.py", line 1534, in _shutdown
    def _shutdown():
    
KeyboardInterrupt
task_set length: 8192
Traceback (most recent call last):
  File "<string>", line 1, in <module>
  File "/user/zj2398/.conda/envs/motor_chao/lib/python3.11/multiprocessing/spawn.py", line 120, in spawn_main
    exitcode = _main(fd, parent_sentinel)
               ^^^^^^^^^^^^^^^^^^^^^^^^^^
  File "/user/zj2398/.conda/envs/motor_chao/lib/python3.11/multiprocessing/spawn.py", line 133, in _main
    return self._bootstrap(parent_sentinel)
           ^^^^^^^^^^^^^^^^^^^^^^^^^^^^^^^^
  File "/user/zj2398/.conda/envs/motor_chao/lib/python3.11/multiprocessing/process.py", line 332, in _bootstrap
    threading._shutdown()
  File "/user/zj2398/.conda/envs/motor_chao/lib/python3.11/threading.py", line 1534, in _shutdown
    def _shutdown():
    
KeyboardInterrupt
task_set length: 8192
Traceback (most recent call last):
  File "<string>", line 1, in <module>
  File "/user/zj2398/.conda/envs/motor_chao/lib/python3.11/multiprocessing/spawn.py", line 120, in spawn_main
    exitcode = _main(fd, parent_sentinel)
               ^^^^^^^^^^^^^^^^^^^^^^^^^^
  File "/user/zj2398/.conda/envs/motor_chao/lib/python3.11/multiprocessing/spawn.py", line 133, in _main
    return self._bootstrap(parent_sentinel)
           ^^^^^^^^^^^^^^^^^^^^^^^^^^^^^^^^
  File "/user/zj2398/.conda/envs/motor_chao/lib/python3.11/multiprocessing/process.py", line 332, in _bootstrap
    threading._shutdown()
  File "/user/zj2398/.conda/envs/motor_chao/lib/python3.11/threading.py", line 1534, in _shutdown
    def _shutdown():
    
KeyboardInterrupt
task_set length: 8192
Traceback (most recent call last):
  File "<string>", line 1, in <module>
  File "/user/zj2398/.conda/envs/motor_chao/lib/python3.11/multiprocessing/spawn.py", line 120, in spawn_main
    exitcode = _main(fd, parent_sentinel)
               ^^^^^^^^^^^^^^^^^^^^^^^^^^
  File "/user/zj2398/.conda/envs/motor_chao/lib/python3.11/multiprocessing/spawn.py", line 133, in _main
    return self._bootstrap(parent_sentinel)
           ^^^^^^^^^^^^^^^^^^^^^^^^^^^^^^^^
  File "/user/zj2398/.conda/envs/motor_chao/lib/python3.11/multiprocessing/process.py", line 332, in _bootstrap
    threading._shutdown()
  File "/user/zj2398/.conda/envs/motor_chao/lib/python3.11/threading.py", line 1534, in _shutdown
    def _shutdown():
    
KeyboardInterrupt
task_set length: 8192
Traceback (most recent call last):
  File "<string>", line 1, in <module>
  File "/user/zj2398/.conda/envs/motor_chao/lib/python3.11/multiprocessing/spawn.py", line 120, in spawn_main
    exitcode = _main(fd, parent_sentinel)
               ^^^^^^^^^^^^^^^^^^^^^^^^^^
  File "/user/zj2398/.conda/envs/motor_chao/lib/python3.11/multiprocessing/spawn.py", line 133, in _main
    return self._bootstrap(parent_sentinel)
           ^^^^^^^^^^^^^^^^^^^^^^^^^^^^^^^^
  File "/user/zj2398/.conda/envs/motor_chao/lib/python3.11/multiprocessing/process.py", line 332, in _bootstrap
    threading._shutdown()
  File "/user/zj2398/.conda/envs/motor_chao/lib/python3.11/threading.py", line 1534, in _shutdown
    def _shutdown():
    
KeyboardInterrupt
task_set length: 8192
Traceback (most recent call last):
  File "<string>", line 1, in <module>
  File "/user/zj2398/.conda/envs/motor_chao/lib/python3.11/multiprocessing/spawn.py", line 120, in spawn_main
    exitcode = _main(fd, parent_sentinel)
               ^^^^^^^^^^^^^^^^^^^^^^^^^^
  File "/user/zj2398/.conda/envs/motor_chao/lib/python3.11/multiprocessing/spawn.py", line 133, in _main
    return self._bootstrap(parent_sentinel)
           ^^^^^^^^^^^^^^^^^^^^^^^^^^^^^^^^
  File "/user/zj2398/.conda/envs/motor_chao/lib/python3.11/multiprocessing/process.py", line 332, in _bootstrap
    threading._shutdown()
  File "/user/zj2398/.conda/envs/motor_chao/lib/python3.11/threading.py", line 1534, in _shutdown
    def _shutdown():
    
KeyboardInterrupt
task_set length: 8192
Traceback (most recent call last):
  File "<string>", line 1, in <module>
  File "/user/zj2398/.conda/envs/motor_chao/lib/python3.11/multiprocessing/spawn.py", line 120, in spawn_main
    exitcode = _main(fd, parent_sentinel)
               ^^^^^^^^^^^^^^^^^^^^^^^^^^
  File "/user/zj2398/.conda/envs/motor_chao/lib/python3.11/multiprocessing/spawn.py", line 133, in _main
    return self._bootstrap(parent_sentinel)
           ^^^^^^^^^^^^^^^^^^^^^^^^^^^^^^^^
  File "/user/zj2398/.conda/envs/motor_chao/lib/python3.11/multiprocessing/process.py", line 332, in _bootstrap
Traceback (most recent call last):
    threading._shutdown()
  File "<string>", line 1, in <module>
  File "/user/zj2398/.conda/envs/motor_chao/lib/python3.11/threading.py", line 1534, in _shutdown
  File "/user/zj2398/.conda/envs/motor_chao/lib/python3.11/multiprocessing/spawn.py", line 120, in spawn_main
    exitcode = _main(fd, parent_sentinel)
    def _shutdown():
    
KeyboardInterrupt
               ^^^^^^^^^^^^^^^^^^^^^^^^^^
  File "/user/zj2398/.conda/envs/motor_chao/lib/python3.11/multiprocessing/spawn.py", line 133, in _main
    return self._bootstrap(parent_sentinel)
           ^^^^^^^^^^^^^^^^^^^^^^^^^^^^^^^^
  File "/user/zj2398/.conda/envs/motor_chao/lib/python3.11/multiprocessing/process.py", line 332, in _bootstrap
    threading._shutdown()
  File "/user/zj2398/.conda/envs/motor_chao/lib/python3.11/threading.py", line 1534, in _shutdown
    def _shutdown():
    
KeyboardInterrupt
task_set length: 8192
task_set length: 8192
Traceback (most recent call last):
  File "<string>", line 1, in <module>
  File "/user/zj2398/.conda/envs/motor_chao/lib/python3.11/multiprocessing/spawn.py", line 120, in spawn_main
    exitcode = _main(fd, parent_sentinel)
               ^^^^^^^^^^^^^^^^^^^^^^^^^^
  File "/user/zj2398/.conda/envs/motor_chao/lib/python3.11/multiprocessing/spawn.py", line 133, in _main
    return self._bootstrap(parent_sentinel)
           ^^^^^^^^^^^^^^^^^^^^^^^^^^^^^^^^
  File "/user/zj2398/.conda/envs/motor_chao/lib/python3.11/multiprocessing/process.py", line 332, in _bootstrap
    threading._shutdown()
  File "/user/zj2398/.conda/envs/motor_chao/lib/python3.11/threading.py", line 1534, in _shutdown
    def _shutdown():
    
KeyboardInterrupt
task_set length: 8192
Traceback (most recent call last):
  File "<string>", line 1, in <module>
  File "/user/zj2398/.conda/envs/motor_chao/lib/python3.11/multiprocessing/spawn.py", line 120, in spawn_main
    exitcode = _main(fd, parent_sentinel)
               ^^^^^^^^^^^^^^^^^^^^^^^^^^
  File "/user/zj2398/.conda/envs/motor_chao/lib/python3.11/multiprocessing/spawn.py", line 133, in _main
    return self._bootstrap(parent_sentinel)
           ^^^^^^^^^^^^^^^^^^^^^^^^^^^^^^^^
  File "/user/zj2398/.conda/envs/motor_chao/lib/python3.11/multiprocessing/process.py", line 332, in _bootstrap
    threading._shutdown()
  File "/user/zj2398/.conda/envs/motor_chao/lib/python3.11/threading.py", line 1534, in _shutdown
    def _shutdown():
    
KeyboardInterrupt
task_set length: 8192
Traceback (most recent call last):
  File "<string>", line 1, in <module>
  File "/user/zj2398/.conda/envs/motor_chao/lib/python3.11/multiprocessing/spawn.py", line 120, in spawn_main
    exitcode = _main(fd, parent_sentinel)
               ^^^^^^^^^^^^^^^^^^^^^^^^^^
  File "/user/zj2398/.conda/envs/motor_chao/lib/python3.11/multiprocessing/spawn.py", line 133, in _main
    return self._bootstrap(parent_sentinel)
           ^^^^^^^^^^^^^^^^^^^^^^^^^^^^^^^^
  File "/user/zj2398/.conda/envs/motor_chao/lib/python3.11/multiprocessing/process.py", line 332, in _bootstrap
    threading._shutdown()
  File "/user/zj2398/.conda/envs/motor_chao/lib/python3.11/threading.py", line 1534, in _shutdown
    def _shutdown():
    
KeyboardInterrupt
task_set length: 8192
Traceback (most recent call last):
  File "<string>", line 1, in <module>
  File "/user/zj2398/.conda/envs/motor_chao/lib/python3.11/multiprocessing/spawn.py", line 120, in spawn_main
    exitcode = _main(fd, parent_sentinel)
               ^^^^^^^^^^^^^^^^^^^^^^^^^^
  File "/user/zj2398/.conda/envs/motor_chao/lib/python3.11/multiprocessing/spawn.py", line 133, in _main
Traceback (most recent call last):
  File "<string>", line 1, in <module>
  File "/user/zj2398/.conda/envs/motor_chao/lib/python3.11/multiprocessing/spawn.py", line 120, in spawn_main
    return self._bootstrap(parent_sentinel)
           ^^^^^^^^^^^^^^^^^^^^^^^^^^^^^^^^
  File "/user/zj2398/.conda/envs/motor_chao/lib/python3.11/multiprocessing/process.py", line 332, in _bootstrap
    threading._shutdown()
    exitcode = _main(fd, parent_sentinel)
  File "/user/zj2398/.conda/envs/motor_chao/lib/python3.11/threading.py", line 1534, in _shutdown
               ^^^^^^^^^^^^^^^^^^^^^^^^^^
  File "/user/zj2398/.conda/envs/motor_chao/lib/python3.11/multiprocessing/spawn.py", line 133, in _main
    return self._bootstrap(parent_sentinel)
    def _shutdown():
    
KeyboardInterrupt
           ^^^^^^^^^^^^^^^^^^^^^^^^^^^^^^^^
  File "/user/zj2398/.conda/envs/motor_chao/lib/python3.11/multiprocessing/process.py", line 332, in _bootstrap
    threading._shutdown()
  File "/user/zj2398/.conda/envs/motor_chao/lib/python3.11/threading.py", line 1534, in _shutdown
    def _shutdown():
    
KeyboardInterrupt
task_set length: 8192
task_set length: 8192
Traceback (most recent call last):
  File "<string>", line 1, in <module>
  File "/user/zj2398/.conda/envs/motor_chao/lib/python3.11/multiprocessing/spawn.py", line 120, in spawn_main
    exitcode = _main(fd, parent_sentinel)
               ^^^^^^^^^^^^^^^^^^^^^^^^^^
  File "/user/zj2398/.conda/envs/motor_chao/lib/python3.11/multiprocessing/spawn.py", line 133, in _main
    return self._bootstrap(parent_sentinel)
           ^^^^^^^^^^^^^^^^^^^^^^^^^^^^^^^^
  File "/user/zj2398/.conda/envs/motor_chao/lib/python3.11/multiprocessing/process.py", line 332, in _bootstrap
    threading._shutdown()
  File "/user/zj2398/.conda/envs/motor_chao/lib/python3.11/threading.py", line 1534, in _shutdown
    def _shutdown():
    
KeyboardInterrupt
task_set length: 8192
Traceback (most recent call last):
  File "<string>", line 1, in <module>
  File "/user/zj2398/.conda/envs/motor_chao/lib/python3.11/multiprocessing/spawn.py", line 120, in spawn_main
    exitcode = _main(fd, parent_sentinel)
               ^^^^^^^^^^^^^^^^^^^^^^^^^^
  File "/user/zj2398/.conda/envs/motor_chao/lib/python3.11/multiprocessing/spawn.py", line 133, in _main
    return self._bootstrap(parent_sentinel)
           ^^^^^^^^^^^^^^^^^^^^^^^^^^^^^^^^
  File "/user/zj2398/.conda/envs/motor_chao/lib/python3.11/multiprocessing/process.py", line 332, in _bootstrap
    threading._shutdown()
  File "/user/zj2398/.conda/envs/motor_chao/lib/python3.11/threading.py", line 1534, in _shutdown
    def _shutdown():
    
KeyboardInterrupt
task_set length: 8192
Traceback (most recent call last):
  File "<string>", line 1, in <module>
  File "/user/zj2398/.conda/envs/motor_chao/lib/python3.11/multiprocessing/spawn.py", line 120, in spawn_main
    exitcode = _main(fd, parent_sentinel)
               ^^^^^^^^^^^^^^^^^^^^^^^^^^
  File "/user/zj2398/.conda/envs/motor_chao/lib/python3.11/multiprocessing/spawn.py", line 133, in _main
    return self._bootstrap(parent_sentinel)
           ^^^^^^^^^^^^^^^^^^^^^^^^^^^^^^^^
  File "/user/zj2398/.conda/envs/motor_chao/lib/python3.11/multiprocessing/process.py", line 332, in _bootstrap
    threading._shutdown()
  File "/user/zj2398/.conda/envs/motor_chao/lib/python3.11/threading.py", line 1534, in _shutdown
    def _shutdown():
    
KeyboardInterrupt
task_set length: 8192
Traceback (most recent call last):
  File "<string>", line 1, in <module>
  File "/user/zj2398/.conda/envs/motor_chao/lib/python3.11/multiprocessing/spawn.py", line 120, in spawn_main
    exitcode = _main(fd, parent_sentinel)
               ^^^^^^^^^^^^^^^^^^^^^^^^^^
  File "/user/zj2398/.conda/envs/motor_chao/lib/python3.11/multiprocessing/spawn.py", line 133, in _main
    return self._bootstrap(parent_sentinel)
           ^^^^^^^^^^^^^^^^^^^^^^^^^^^^^^^^
  File "/user/zj2398/.conda/envs/motor_chao/lib/python3.11/multiprocessing/process.py", line 332, in _bootstrap
    threading._shutdown()
  File "/user/zj2398/.conda/envs/motor_chao/lib/python3.11/threading.py", line 1534, in _shutdown
    def _shutdown():
    
KeyboardInterrupt
task_set length: 8192
Traceback (most recent call last):
  File "<string>", line 1, in <module>
  File "/user/zj2398/.conda/envs/motor_chao/lib/python3.11/multiprocessing/spawn.py", line 120, in spawn_main
    exitcode = _main(fd, parent_sentinel)
               ^^^^^^^^^^^^^^^^^^^^^^^^^^
  File "/user/zj2398/.conda/envs/motor_chao/lib/python3.11/multiprocessing/spawn.py", line 133, in _main
    return self._bootstrap(parent_sentinel)
           ^^^^^^^^^^^^^^^^^^^^^^^^^^^^^^^^
  File "/user/zj2398/.conda/envs/motor_chao/lib/python3.11/multiprocessing/process.py", line 332, in _bootstrap
    threading._shutdown()
  File "/user/zj2398/.conda/envs/motor_chao/lib/python3.11/threading.py", line 1534, in _shutdown
    def _shutdown():
    
KeyboardInterrupt
Traceback (most recent call last):
  File "<string>", line 1, in <module>
  File "/user/zj2398/.conda/envs/motor_chao/lib/python3.11/multiprocessing/spawn.py", line 120, in spawn_main
task_set length: 8192
    exitcode = _main(fd, parent_sentinel)
               ^^^^^^^^^^^^^^^^^^^^^^^^^^
  File "/user/zj2398/.conda/envs/motor_chao/lib/python3.11/multiprocessing/spawn.py", line 133, in _main
    return self._bootstrap(parent_sentinel)
           ^^^^^^^^^^^^^^^^^^^^^^^^^^^^^^^^
  File "/user/zj2398/.conda/envs/motor_chao/lib/python3.11/multiprocessing/process.py", line 332, in _bootstrap
    threading._shutdown()
  File "/user/zj2398/.conda/envs/motor_chao/lib/python3.11/threading.py", line 1534, in _shutdown
    def _shutdown():
    
KeyboardInterrupt
task_set length: 8192
Process SpawnProcess-80:
Traceback (most recent call last):
  File "/user/zj2398/.conda/envs/motor_chao/lib/python3.11/multiprocessing/process.py", line 314, in _bootstrap
    self.run()
  File "/user/zj2398/.conda/envs/motor_chao/lib/python3.11/multiprocessing/process.py", line 108, in run
    self._target(*self._args, **self._kwargs)
  File "/user/zj2398/.conda/envs/motor_chao/lib/python3.11/site-packages/meds_reader/__init__.py", line 141, in _runner
    map_func = pickle.loads(map_func_str)
               ^^^^^^^^^^^^^^^^^^^^^^^^^^
KeyboardInterrupt

During handling of the above exception, another exception occurred:

Traceback (most recent call last):
  File "/user/zj2398/.conda/envs/motor_chao/lib/python3.11/multiprocessing/process.py", line 317, in _bootstrap
    util._exit_function()
  File "/user/zj2398/.conda/envs/motor_chao/lib/python3.11/multiprocessing/util.py", line 320, in _exit_function
    def _exit_function(info=info, debug=debug, _run_finalizers=_run_finalizers,
    
KeyboardInterrupt
Process SpawnProcess-5:
Traceback (most recent call last):
  File "/user/zj2398/.conda/envs/motor_chao/lib/python3.11/multiprocessing/process.py", line 314, in _bootstrap
    self.run()
  File "/user/zj2398/.conda/envs/motor_chao/lib/python3.11/multiprocessing/process.py", line 108, in run
    self._target(*self._args, **self._kwargs)
  File "/user/zj2398/.conda/envs/motor_chao/lib/python3.11/site-packages/meds_reader/__init__.py", line 141, in _runner
    map_func = pickle.loads(map_func_str)
               ^^^^^^^^^^^^^^^^^^^^^^^^^^
KeyboardInterrupt

During handling of the above exception, another exception occurred:

Traceback (most recent call last):
  File "/user/zj2398/.conda/envs/motor_chao/lib/python3.11/multiprocessing/process.py", line 317, in _bootstrap
    util._exit_function()
  File "/user/zj2398/.conda/envs/motor_chao/lib/python3.11/multiprocessing/util.py", line 320, in _exit_function
    def _exit_function(info=info, debug=debug, _run_finalizers=_run_finalizers,
    
KeyboardInterrupt
